<?xml version="1.0" encoding="UTF-8"?>
<testng-results ignored="0" total="20" passed="20" failed="0" skipped="0">
  <reporter-output>
  </reporter-output>
  <suite started-at="2023-11-22T16:33:22 GMT" name="book-flight-module" finished-at="2023-11-22T16:34:14 GMT" duration-ms="51998">
    <groups>
    </groups>
    <test started-at="2023-11-22T16:33:22 GMT" name="book-flight-4" finished-at="2023-11-22T16:33:44 GMT" duration-ms="21747">
      <class name="com.newtours.tests.BookFlightTest">
        <test-method is-config="true" signature="setupDriver()[pri:0, instance:com.newtours.tests.BookFlightTest@159f197]" started-at="2023-11-22T16:33:22 GMT" name="setupDriver" finished-at="2023-11-22T16:33:32 GMT" duration-ms="9174" status="PASS">
          <reporter-output>
          </reporter-output>
        </test-method> <!-- setupDriver -->
        <test-method is-config="true" signature="setupParameters(java.lang.String,java.lang.String)[pri:0, instance:com.newtours.tests.BookFlightTest@159f197]" started-at="2023-11-22T16:33:32 GMT" name="setupParameters" finished-at="2023-11-22T16:33:32 GMT" depends-on-methods="com.tests.BaseTest.setupDriver" duration-ms="34" status="PASS">
          <params>
            <param index="0">
              <value>
                <![CDATA[4]]>
              </value>
            </param>
            <param index="1">
              <value>
                <![CDATA[$2338 USD]]>
              </value>
            </param>
          </params>
          <reporter-output>
          </reporter-output>
        </test-method> <!-- setupParameters -->
        <test-method signature="registrationPage()[pri:0, instance:com.newtours.tests.BookFlightTest@159f197]" started-at="2023-11-22T16:33:32 GMT" name="registrationPage" finished-at="2023-11-22T16:33:37 GMT" duration-ms="5521" status="PASS">
          <reporter-output>
          </reporter-output>
        </test-method> <!-- registrationPage -->
        <test-method signature="registrationConfirmationPage()[pri:0, instance:com.newtours.tests.BookFlightTest@159f197]" started-at="2023-11-22T16:33:37 GMT" name="registrationConfirmationPage" finished-at="2023-11-22T16:33:38 GMT" depends-on-methods="com.newtours.tests.BookFlightTest.registrationPage" duration-ms="726" status="PASS">
          <reporter-output>
          </reporter-output>
        </test-method> <!-- registrationConfirmationPage -->
        <test-method signature="flightDetailsPage()[pri:0, instance:com.newtours.tests.BookFlightTest@159f197]" started-at="2023-11-22T16:33:38 GMT" name="flightDetailsPage" finished-at="2023-11-22T16:33:41 GMT" depends-on-methods="com.newtours.tests.BookFlightTest.registrationConfirmationPage" duration-ms="2807" status="PASS">
          <reporter-output>
          </reporter-output>
        </test-method> <!-- flightDetailsPage -->
        <test-method signature="findFlightPage()[pri:0, instance:com.newtours.tests.BookFlightTest@159f197]" started-at="2023-11-22T16:33:41 GMT" name="findFlightPage" finished-at="2023-11-22T16:33:43 GMT" depends-on-methods="com.newtours.tests.BookFlightTest.flightDetailsPage" duration-ms="1561" status="PASS">
          <reporter-output>
          </reporter-output>
        </test-method> <!-- findFlightPage -->
        <test-method signature="flightConfirmationPage()[pri:0, instance:com.newtours.tests.BookFlightTest@159f197]" started-at="2023-11-22T16:33:43 GMT" name="flightConfirmationPage" finished-at="2023-11-22T16:33:44 GMT" depends-on-methods="com.newtours.tests.BookFlightTest.findFlightPage" duration-ms="1322" status="PASS">
          <reporter-output>
          </reporter-output>
        </test-method> <!-- flightConfirmationPage -->
        <test-method is-config="true" signature="quitDriver()[pri:0, instance:com.newtours.tests.BookFlightTest@159f197]" started-at="2023-11-22T16:33:44 GMT" name="quitDriver" finished-at="2023-11-22T16:33:44 GMT" duration-ms="342" status="PASS">
          <reporter-output>
          </reporter-output>
        </test-method> <!-- quitDriver -->
      </class> <!-- com.newtours.tests.BookFlightTest -->
    </test> <!-- book-flight-4 -->
    <test started-at="2023-11-22T16:33:22 GMT" name="book-flight-1" finished-at="2023-11-22T16:33:57 GMT" duration-ms="34821">
      <class name="com.newtours.tests.BookFlightTest">
        <test-method is-config="true" signature="setupDriver()[pri:0, instance:com.newtours.tests.BookFlightTest@2805c96b]" started-at="2023-11-22T16:33:22 GMT" name="setupDriver" finished-at="2023-11-22T16:33:47 GMT" duration-ms="24474" status="PASS">
          <reporter-output>
          </reporter-output>
        </test-method> <!-- setupDriver -->
        <test-method is-config="true" signature="setupParameters(java.lang.String,java.lang.String)[pri:0, instance:com.newtours.tests.BookFlightTest@2805c96b]" started-at="2023-11-22T16:33:47 GMT" name="setupParameters" finished-at="2023-11-22T16:33:47 GMT" depends-on-methods="com.tests.BaseTest.setupDriver" duration-ms="1" status="PASS">
          <params>
            <param index="0">
              <value>
                <![CDATA[1]]>
              </value>
            </param>
            <param index="1">
              <value>
                <![CDATA[$584 USD]]>
              </value>
            </param>
          </params>
          <reporter-output>
          </reporter-output>
        </test-method> <!-- setupParameters -->
        <test-method signature="registrationPage()[pri:0, instance:com.newtours.tests.BookFlightTest@2805c96b]" started-at="2023-11-22T16:33:47 GMT" name="registrationPage" finished-at="2023-11-22T16:33:51 GMT" duration-ms="4156" status="PASS">
          <reporter-output>
          </reporter-output>
        </test-method> <!-- registrationPage -->
        <test-method signature="registrationConfirmationPage()[pri:0, instance:com.newtours.tests.BookFlightTest@2805c96b]" started-at="2023-11-22T16:33:51 GMT" name="registrationConfirmationPage" finished-at="2023-11-22T16:33:52 GMT" depends-on-methods="com.newtours.tests.BookFlightTest.registrationPage" duration-ms="616" status="PASS">
          <reporter-output>
          </reporter-output>
        </test-method> <!-- registrationConfirmationPage -->
        <test-method signature="flightDetailsPage()[pri:0, instance:com.newtours.tests.BookFlightTest@2805c96b]" started-at="2023-11-22T16:33:52 GMT" name="flightDetailsPage" finished-at="2023-11-22T16:33:55 GMT" depends-on-methods="com.newtours.tests.BookFlightTest.registrationConfirmationPage" duration-ms="2764" status="PASS">
          <reporter-output>
          </reporter-output>
        </test-method> <!-- flightDetailsPage -->
        <test-method signature="findFlightPage()[pri:0, instance:com.newtours.tests.BookFlightTest@2805c96b]" started-at="2023-11-22T16:33:55 GMT" name="findFlightPage" finished-at="2023-11-22T16:33:56 GMT" depends-on-methods="com.newtours.tests.BookFlightTest.flightDetailsPage" duration-ms="1287" status="PASS">
          <reporter-output>
          </reporter-output>
        </test-method> <!-- findFlightPage -->
        <test-method signature="flightConfirmationPage()[pri:0, instance:com.newtours.tests.BookFlightTest@2805c96b]" started-at="2023-11-22T16:33:56 GMT" name="flightConfirmationPage" finished-at="2023-11-22T16:33:57 GMT" depends-on-methods="com.newtours.tests.BookFlightTest.findFlightPage" duration-ms="1120" status="PASS">
          <reporter-output>
          </reporter-output>
        </test-method> <!-- flightConfirmationPage -->
        <test-method is-config="true" signature="quitDriver()[pri:0, instance:com.newtours.tests.BookFlightTest@2805c96b]" started-at="2023-11-22T16:33:57 GMT" name="quitDriver" finished-at="2023-11-22T16:33:57 GMT" duration-ms="309" status="PASS">
          <reporter-output>
          </reporter-output>
        </test-method> <!-- quitDriver -->
      </class> <!-- com.newtours.tests.BookFlightTest -->
    </test> <!-- book-flight-1 -->
    <test started-at="2023-11-22T16:33:22 GMT" name="book-flight-2" finished-at="2023-11-22T16:34:09 GMT" duration-ms="46307">
      <class name="com.newtours.tests.BookFlightTest">
        <test-method is-config="true" signature="setupDriver()[pri:0, instance:com.newtours.tests.BookFlightTest@419c5f1a]" started-at="2023-11-22T16:33:22 GMT" name="setupDriver" finished-at="2023-11-22T16:33:59 GMT" duration-ms="36873" status="PASS">
          <reporter-output>
          </reporter-output>
        </test-method> <!-- setupDriver -->
        <test-method is-config="true" signature="setupParameters(java.lang.String,java.lang.String)[pri:0, instance:com.newtours.tests.BookFlightTest@419c5f1a]" started-at="2023-11-22T16:33:59 GMT" name="setupParameters" finished-at="2023-11-22T16:33:59 GMT" depends-on-methods="com.tests.BaseTest.setupDriver" duration-ms="0" status="PASS">
          <params>
            <param index="0">
              <value>
                <![CDATA[2]]>
              </value>
            </param>
            <param index="1">
              <value>
                <![CDATA[$1169 USD]]>
              </value>
            </param>
          </params>
          <reporter-output>
          </reporter-output>
        </test-method> <!-- setupParameters -->
        <test-method signature="registrationPage()[pri:0, instance:com.newtours.tests.BookFlightTest@419c5f1a]" started-at="2023-11-22T16:33:59 GMT" name="registrationPage" finished-at="2023-11-22T16:34:04 GMT" duration-ms="4609" status="PASS">
          <reporter-output>
          </reporter-output>
        </test-method> <!-- registrationPage -->
        <test-method signature="registrationConfirmationPage()[pri:0, instance:com.newtours.tests.BookFlightTest@419c5f1a]" started-at="2023-11-22T16:34:04 GMT" name="registrationConfirmationPage" finished-at="2023-11-22T16:34:05 GMT" depends-on-methods="com.newtours.tests.BookFlightTest.registrationPage" duration-ms="564" status="PASS">
          <reporter-output>
          </reporter-output>
        </test-method> <!-- registrationConfirmationPage -->
        <test-method signature="flightDetailsPage()[pri:0, instance:com.newtours.tests.BookFlightTest@419c5f1a]" started-at="2023-11-22T16:34:05 GMT" name="flightDetailsPage" finished-at="2023-11-22T16:34:07 GMT" depends-on-methods="com.newtours.tests.BookFlightTest.registrationConfirmationPage" duration-ms="2837" status="PASS">
          <reporter-output>
          </reporter-output>
        </test-method> <!-- flightDetailsPage -->
        <test-method signature="findFlightPage()[pri:0, instance:com.newtours.tests.BookFlightTest@419c5f1a]" started-at="2023-11-22T16:34:07 GMT" name="findFlightPage" finished-at="2023-11-22T16:34:08 GMT" depends-on-methods="com.newtours.tests.BookFlightTest.flightDetailsPage" duration-ms="809" status="PASS">
          <reporter-output>
          </reporter-output>
        </test-method> <!-- findFlightPage -->
        <test-method signature="flightConfirmationPage()[pri:0, instance:com.newtours.tests.BookFlightTest@419c5f1a]" started-at="2023-11-22T16:34:08 GMT" name="flightConfirmationPage" finished-at="2023-11-22T16:34:09 GMT" depends-on-methods="com.newtours.tests.BookFlightTest.findFlightPage" duration-ms="316" status="PASS">
          <reporter-output>
          </reporter-output>
        </test-method> <!-- flightConfirmationPage -->
        <test-method is-config="true" signature="quitDriver()[pri:0, instance:com.newtours.tests.BookFlightTest@419c5f1a]" started-at="2023-11-22T16:34:09 GMT" name="quitDriver" finished-at="2023-11-22T16:34:09 GMT" duration-ms="217" status="PASS">
          <reporter-output>
          </reporter-output>
        </test-method> <!-- quitDriver -->
      </class> <!-- com.newtours.tests.BookFlightTest -->
    </test> <!-- book-flight-2 -->
    <test started-at="2023-11-22T16:33:22 GMT" name="book-flight-3" finished-at="2023-11-22T16:34:14 GMT" duration-ms="51981">
      <class name="com.newtours.tests.BookFlightTest">
        <test-method is-config="true" signature="setupDriver()[pri:0, instance:com.newtours.tests.BookFlightTest@5276e6b0]" started-at="2023-11-22T16:33:22 GMT" name="setupDriver" finished-at="2023-11-22T16:34:09 GMT" duration-ms="46900" status="PASS">
          <reporter-output>
          </reporter-output>
        </test-method> <!-- setupDriver -->
        <test-method is-config="true" signature="setupParameters(java.lang.String,java.lang.String)[pri:0, instance:com.newtours.tests.BookFlightTest@5276e6b0]" started-at="2023-11-22T16:34:09 GMT" name="setupParameters" finished-at="2023-11-22T16:34:09 GMT" depends-on-methods="com.tests.BaseTest.setupDriver" duration-ms="1" status="PASS">
          <params>
            <param index="0">
              <value>
                <![CDATA[3]]>
              </value>
            </param>
            <param index="1">
              <value>
                <![CDATA[$1753 USD]]>
              </value>
            </param>
          </params>
          <reporter-output>
          </reporter-output>
        </test-method> <!-- setupParameters -->
        <test-method signature="registrationPage()[pri:0, instance:com.newtours.tests.BookFlightTest@5276e6b0]" started-at="2023-11-22T16:34:09 GMT" name="registrationPage" finished-at="2023-11-22T16:34:11 GMT" duration-ms="1970" status="PASS">
          <reporter-output>
          </reporter-output>
        </test-method> <!-- registrationPage -->
        <test-method signature="registrationConfirmationPage()[pri:0, instance:com.newtours.tests.BookFlightTest@5276e6b0]" started-at="2023-11-22T16:34:11 GMT" name="registrationConfirmationPage" finished-at="2023-11-22T16:34:12 GMT" depends-on-methods="com.newtours.tests.BookFlightTest.registrationPage" duration-ms="289" status="PASS">
          <reporter-output>
          </reporter-output>
        </test-method> <!-- registrationConfirmationPage -->
        <test-method signature="flightDetailsPage()[pri:0, instance:com.newtours.tests.BookFlightTest@5276e6b0]" started-at="2023-11-22T16:34:12 GMT" name="flightDetailsPage" finished-at="2023-11-22T16:34:13 GMT" depends-on-methods="com.newtours.tests.BookFlightTest.registrationConfirmationPage" duration-ms="1687" status="PASS">
          <reporter-output>
          </reporter-output>
        </test-method> <!-- flightDetailsPage -->
        <test-method signature="findFlightPage()[pri:0, instance:com.newtours.tests.BookFlightTest@5276e6b0]" started-at="2023-11-22T16:34:13 GMT" name="findFlightPage" finished-at="2023-11-22T16:34:14 GMT" depends-on-methods="com.newtours.tests.BookFlightTest.flightDetailsPage" duration-ms="558" status="PASS">
          <reporter-output>
          </reporter-output>
        </test-method> <!-- findFlightPage -->
        <test-method signature="flightConfirmationPage()[pri:0, instance:com.newtours.tests.BookFlightTest@5276e6b0]" started-at="2023-11-22T16:34:14 GMT" name="flightConfirmationPage" finished-at="2023-11-22T16:34:14 GMT" depends-on-methods="com.newtours.tests.BookFlightTest.findFlightPage" duration-ms="386" status="PASS">
          <reporter-output>
          </reporter-output>
        </test-method> <!-- flightConfirmationPage -->
        <test-method is-config="true" signature="quitDriver()[pri:0, instance:com.newtours.tests.BookFlightTest@5276e6b0]" started-at="2023-11-22T16:34:14 GMT" name="quitDriver" finished-at="2023-11-22T16:34:14 GMT" duration-ms="152" status="PASS">
          <reporter-output>
          </reporter-output>
        </test-method> <!-- quitDriver -->
      </class> <!-- com.newtours.tests.BookFlightTest -->
    </test> <!-- book-flight-3 -->
  </suite> <!-- book-flight-module -->
</testng-results>
