<?xml version="1.0" encoding="UTF-8"?>
<testng-results ignored="0" total="2" passed="2" failed="0" skipped="0">
  <reporter-output>
  </reporter-output>
  <suite started-at="2023-03-06T02:55:03 GMT" name="search-module" finished-at="2023-03-06T02:55:12 GMT" duration-ms="9108">
    <groups>
    </groups>
    <test started-at="2023-03-06T02:55:03 GMT" name="search-test-java" finished-at="2023-03-06T02:55:08 GMT" duration-ms="5190">
      <class name="com.searchmodule.tests.SearchTest">
        <test-method is-config="true" signature="setupDriver()[pri:0, instance:com.searchmodule.tests.SearchTest@6b4a4e18]" started-at="2023-03-06T02:55:03 GMT" name="setupDriver" finished-at="2023-03-06T02:55:05 GMT" duration-ms="1955" status="PASS">
          <reporter-output>
          </reporter-output>
        </test-method> <!-- setupDriver -->
        <test-method signature="search(java.lang.String)[pri:0, instance:com.searchmodule.tests.SearchTest@6b4a4e18]" started-at="2023-03-06T02:55:05 GMT" name="search" finished-at="2023-03-06T02:55:08 GMT" duration-ms="3094" status="PASS">
          <params>
            <param index="0">
              <value>
                <![CDATA[java]]>
              </value>
            </param>
          </params>
          <reporter-output>
          </reporter-output>
        </test-method> <!-- search -->
        <test-method is-config="true" signature="quitDriver()[pri:0, instance:com.searchmodule.tests.SearchTest@6b4a4e18]" started-at="2023-03-06T02:55:08 GMT" name="quitDriver" finished-at="2023-03-06T02:55:08 GMT" duration-ms="94" status="PASS">
          <reporter-output>
          </reporter-output>
        </test-method> <!-- quitDriver -->
      </class> <!-- com.searchmodule.tests.SearchTest -->
    </test> <!-- search-test-java -->
    <test started-at="2023-03-06T02:55:08 GMT" name="search-test-qa" finished-at="2023-03-06T02:55:12 GMT" duration-ms="3824">
      <class name="com.searchmodule.tests.SearchTest">
        <test-method is-config="true" signature="setupDriver()[pri:0, instance:com.searchmodule.tests.SearchTest@1fe20588]" started-at="2023-03-06T02:55:08 GMT" name="setupDriver" finished-at="2023-03-06T02:55:09 GMT" duration-ms="603" status="PASS">
          <reporter-output>
          </reporter-output>
        </test-method> <!-- setupDriver -->
        <test-method signature="search(java.lang.String)[pri:0, instance:com.searchmodule.tests.SearchTest@1fe20588]" started-at="2023-03-06T02:55:09 GMT" name="search" finished-at="2023-03-06T02:55:12 GMT" duration-ms="3081" status="PASS">
          <params>
            <param index="0">
              <value>
                <![CDATA[qa]]>
              </value>
            </param>
          </params>
          <reporter-output>
          </reporter-output>
        </test-method> <!-- search -->
        <test-method is-config="true" signature="quitDriver()[pri:0, instance:com.searchmodule.tests.SearchTest@1fe20588]" started-at="2023-03-06T02:55:12 GMT" name="quitDriver" finished-at="2023-03-06T02:55:12 GMT" duration-ms="135" status="PASS">
          <reporter-output>
          </reporter-output>
        </test-method> <!-- quitDriver -->
      </class> <!-- com.searchmodule.tests.SearchTest -->
    </test> <!-- search-test-qa -->
  </suite> <!-- search-module -->
</testng-results>
